c:\users\dominic\desktop\tempgame\headertool\x64\release\vc143.pdb
c:\users\dominic\desktop\tempgame\headertool\x64\release\main.obj
c:\users\dominic\desktop\tempgame\headertool\x64\release\headertool.obj
c:\users\dominic\desktop\tempgame\headertool\x64\release\codeparsetokenpropertyfloat.obj
c:\users\dominic\desktop\tempgame\headertool\x64\release\codeparsetokenpropertybase.obj
c:\users\dominic\desktop\tempgame\headertool\x64\release\codeparsetokenfactoryscope.obj
c:\users\dominic\desktop\tempgame\headertool\x64\release\codeparsetokenfactoryproperty.obj
c:\users\dominic\desktop\tempgame\headertool\x64\release\codeparsetokenfactoryclass.obj
c:\users\dominic\desktop\tempgame\headertool\x64\release\codeparsetokenfactorybase.obj
c:\users\dominic\desktop\tempgame\headertool\x64\release\codeparsetokendelimiter.obj
c:\users\dominic\desktop\tempgame\headertool\x64\release\codeparsetokenclass.obj
c:\users\dominic\desktop\tempgame\headertool\x64\release\codeparsetokenbase.obj
c:\users\dominic\desktop\tempgame\headertool\x64\release\codeparsetokenpropertytypefloat.obj
c:\users\dominic\desktop\tempgame\headertool\x64\release\codeparsetokenpropertytypebase.obj
c:\users\dominic\desktop\tempgame\headertool\x64\release\codeparsetokenpropertytypeclass.obj
c:\users\dominic\desktop\tempgame\headertool\x64\release\codeparsetokenpropertyclass.obj
c:\users\dominic\desktop\tempgame\headertool\x64\release\codeparsetokenfactoryudt.obj
c:\users\dominic\desktop\tempgame\headertool\x64\release\codeparsetokenstruct.obj
c:\users\dominic\desktop\tempgame\headertool\x64\release\codeparsetokenfactorystruct.obj
c:\users\dominic\desktop\tempgame\headertool\x64\release\codeparsetokenpropertystruct.obj
c:\users\dominic\desktop\tempgame\headertool\x64\release\codeparsetokenpropertytypestruct.obj
c:\users\dominic\desktop\tempgame\headertool\x64\release\codeparsetokenudt.obj
c:\users\dominic\desktop\tempgame\headertool\x64\release\codeparsetokenpropertyvector.obj
c:\users\dominic\desktop\tempgame\headertool\x64\release\codeparsetokenpropertytypevector.obj
c:\users\dominic\desktop\tempgame\headertool\x64\release\headertoolutils.obj
c:\users\dominic\desktop\tempgame\headertool\x64\release\codeparsetokenpropertystring.obj
c:\users\dominic\desktop\tempgame\headertool\x64\release\codeparsetokenpropertyint.obj
c:\users\dominic\desktop\tempgame\headertool\x64\release\codeparsetokenpropertybool.obj
c:\users\dominic\desktop\tempgame\headertool\x64\release\codeparsetokenpropertytypestring.obj
c:\users\dominic\desktop\tempgame\headertool\x64\release\codeparsetokenpropertytypeint.obj
c:\users\dominic\desktop\tempgame\headertool\x64\release\codeparsetokenpropertytypebool.obj
c:\users\dominic\desktop\tempgame\headertool\x64\release\codeparsetokenfactorycommentblock.obj
c:\users\dominic\desktop\tempgame\headertool\x64\release\codeparsetokenscope.obj
c:\users\dominic\desktop\tempgame\headertool\x64\release\codeparsetokenfactoryenum.obj
c:\users\dominic\desktop\tempgame\headertool\x64\release\codeparsetokenenum.obj
c:\users\dominic\desktop\tempgame\headertool\x64\release\codeparsetokenfactoryenumvalue.obj
c:\users\dominic\desktop\tempgame\headertool\x64\release\codeparsetokenenumvalue.obj
c:\users\dominic\desktop\tempgame\headertool\x64\release\codeparsetokenpropertyenum.obj
c:\users\dominic\desktop\tempgame\headertool\x64\release\codeparsetokenpropertytypeenum.obj
c:\users\dominic\desktop\tempgame\headertool\x64\release\codeparsetokenstructmetadata.obj
c:\users\dominic\desktop\tempgame\headertool\x64\release\codeparsetokenfactorystructmetadata.obj
c:\users\dominic\desktop\tempgame\headertool\x64\release\codeparsetokenfactoryclassmetadata.obj
c:\users\dominic\desktop\tempgame\headertool\x64\release\codeparsetokenclassmetadata.obj
c:\users\dominic\desktop\tempgame\headertool\x64\release\codeparsetokenfactoryclassmetadataflagsingleton.obj
c:\users\dominic\desktop\tempgame\headertool\x64\release\codeparsetokenfactoryclassmetadataflaginstanced.obj
c:\users\dominic\desktop\tempgame\headertool\x64\release\codeparsetokenfactoryclassmetadataflagabstract.obj
c:\users\dominic\desktop\tempgame\headertool\x64\release\codeparsetokenclassmetadataflagbase.obj
c:\users\dominic\desktop\tempgame\headertool\x64\release\codeparsetokenpropertytypeinstancedasset.obj
c:\users\dominic\desktop\tempgame\headertool\x64\release\codeparsetokenpropertyinstancedassetptr.obj
c:\users\dominic\desktop\tempgame\x64\release\headertool.exe
c:\users\dominic\desktop\tempgame\x64\release\headertool.pdb
c:\users\dominic\desktop\tempgame\headertool\x64\release\headertool.ipdb
c:\users\dominic\desktop\tempgame\headertool\x64\release\headertool.iobj
c:\users\dominic\desktop\tempgame\headertool\x64\release\codeparsetokenfactorystringliteral.obj
c:\users\dominic\desktop\tempgame\headertool\x64\release\codeparsetokennoop.obj
c:\users\dominic\desktop\tempgame\headertool\x64\release\codeparsetokenpropertyinstancedasset.obj
c:\users\dominic\desktop\tempgame\headertool\x64\release\writepropertytofileutils.obj
c:\users\dominic\desktop\tempgame\headertool\x64\release\headertool.tlog\cl.command.1.tlog
c:\users\dominic\desktop\tempgame\headertool\x64\release\headertool.tlog\cl.items.tlog
c:\users\dominic\desktop\tempgame\headertool\x64\release\headertool.tlog\cl.read.1.tlog
c:\users\dominic\desktop\tempgame\headertool\x64\release\headertool.tlog\cl.write.1.tlog
c:\users\dominic\desktop\tempgame\headertool\x64\release\headertool.tlog\link.command.1.tlog
c:\users\dominic\desktop\tempgame\headertool\x64\release\headertool.tlog\link.read.1.tlog
c:\users\dominic\desktop\tempgame\headertool\x64\release\headertool.tlog\link.secondary.1.tlog
c:\users\dominic\desktop\tempgame\headertool\x64\release\headertool.tlog\link.write.1.tlog
